[2017-05-05 11:06:53] START
[2017-05-05 11:07:59] EDIT DrPeng/models/db.py: 2
[2017-05-05 11:08:13] EDIT DrPeng/models/db.py: 12
[2017-05-05 11:09:42] EDIT DrPeng/views/default/index.html: -24
[2017-05-05 11:09:44] EDIT DrPeng/views/default/index.html: 0
[2017-05-05 11:09:45] EDIT DrPeng/views/default/index.html: 0
[2017-05-05 11:10:12] EDIT DrPeng/views/default/index.html: -7
[2017-05-05 11:11:33] CREATE VPN_RR.py: 0
[2017-05-05 11:11:47] CREATE VPN_RR/index.html: 0
[2017-05-05 11:12:00] EDIT DrPeng/controllers/VPN_RR.py: 1
[2017-05-05 11:12:01] EDIT DrPeng/controllers/VPN_RR.py: 0
[2017-05-05 11:12:16] EDIT DrPeng/views/VPN_RR/index.html: 15
[2017-05-05 11:13:43] EDIT DrPeng/controllers/VPN_RR.py: 51
[2017-05-05 11:13:50] EDIT DrPeng/models/db.py: 0
[2017-05-05 11:14:10] EDIT DrPeng/controllers/VPN_RR.py: 0
[2017-05-05 11:14:10] EDIT DrPeng/controllers/VPN_RR.py: 0
[2017-05-05 11:14:10] EDIT DrPeng/controllers/VPN_RR.py: 0
[2017-05-05 11:14:10] EDIT DrPeng/controllers/VPN_RR.py: 0
[2017-05-05 11:14:11] EDIT DrPeng/controllers/VPN_RR.py: 0
[2017-05-05 11:15:14] CREATE VPN_RR/preview_config.html: 0
[2017-05-05 11:15:32] CREATE VPN_RR/router_conf.html: 0
[2017-05-05 11:15:38] CREATE VPN_RR/VPN.html: 0
[2017-05-05 11:16:37] DELETE DrPeng/views/VPN_RR/router_conf.html: -3
[2017-05-05 11:17:25] CREATE VPN_RR/RouteReflector_conf.html: 0
[2017-05-05 11:18:00] EDIT DrPeng/views/VPN_RR/RouteReflector_conf.html: 9
[2017-05-05 11:18:02] EDIT DrPeng/views/VPN_RR/RouteReflector_conf.html: 0
[2017-05-05 11:18:02] EDIT DrPeng/views/VPN_RR/RouteReflector_conf.html: 0
[2017-05-05 11:18:02] EDIT DrPeng/views/VPN_RR/RouteReflector_conf.html: 0
[2017-05-05 11:18:02] EDIT DrPeng/views/VPN_RR/RouteReflector_conf.html: 0
[2017-05-05 11:18:02] EDIT DrPeng/views/VPN_RR/RouteReflector_conf.html: 0
[2017-05-05 11:22:24] EDIT DrPeng/views/VPN_RR/VPN.html: 9
[2017-05-05 11:22:53] EDIT DrPeng/views/VPN_RR/VPN.html: 0
[2017-05-05 11:23:12] EDIT DrPeng/views/VPN_RR/RouteReflector_conf.html: 0
[2017-05-05 11:23:36] EDIT DrPeng/views/VPN_RR/preview_config.html: 18
[2017-05-05 11:23:51] EDIT DrPeng/views/VPN_RR/preview_config.html: 0
[2017-05-05 11:24:07] EDIT DrPeng/views/VPN_RR/index.html: 0
[2017-05-05 11:25:08] EDIT DrPeng/views/VPN_RR/index.html: 0
[2017-05-05 11:25:25] EDIT DrPeng/controllers/VPN_RR.py: 0
[2017-05-05 11:25:50] EDIT DrPeng/views/VPN_RR/RouteReflector_conf.html: 0
[2017-05-05 11:26:23] EDIT DrPeng/views/VPN_RR/preview_config.html: 0
[2017-05-05 11:26:26] EDIT DrPeng/views/VPN_RR/preview_config.html: 0
[2017-05-05 11:41:43] EDIT DrPeng/controllers/VPN_RR.py: 0
[2017-05-05 11:41:47] EDIT DrPeng/controllers/VPN_RR.py: 0
[2017-05-05 11:45:04] EDIT DrPeng/controllers/VPN_RR.py: 0
[2017-05-05 11:52:26] EDIT DrPeng/controllers/VPN_RR.py: 0
[2017-05-05 11:52:58] EDIT DrPeng/controllers/VPN_RR.py: 0
[2017-05-05 11:53:26] EDIT DrPeng/controllers/VPN_RR.py: 0
[2017-05-05 11:53:27] EDIT DrPeng/controllers/VPN_RR.py: 0
[2017-05-05 11:53:30] EDIT DrPeng/controllers/VPN_RR.py: 0
[2017-05-05 11:54:42] EDIT DrPeng/controllers/VPN_RR.py: 0
[2017-05-05 11:54:44] EDIT DrPeng/controllers/VPN_RR.py: 0
[2017-05-05 11:54:58] EDIT DrPeng/controllers/VPN_RR.py: 0
[2017-05-05 11:55:55] EDIT DrPeng/controllers/VPN_RR.py: 0
[2017-05-05 12:04:01] EDIT DrPeng/controllers/VPN_RR.py: 1
[2017-05-05 12:04:25] EDIT DrPeng/views/VPN_RR/preview_config.html: 1
[2017-05-05 12:11:07] EDIT DrPeng/controllers/VPN_RR.py: 2
[2017-05-05 12:11:13] EDIT DrPeng/controllers/VPN_RR.py: 0
[2017-05-05 12:11:28] EDIT DrPeng/controllers/VPN_RR.py: 0
[2017-05-05 12:11:55] EDIT DrPeng/controllers/VPN_RR.py: 0
[2017-05-05 12:12:07] EDIT DrPeng/controllers/VPN_RR.py: 0
[2017-05-05 12:12:12] EDIT DrPeng/controllers/VPN_RR.py: 0
[2017-05-05 12:12:12] EDIT DrPeng/controllers/VPN_RR.py: 0
[2017-05-05 12:12:12] EDIT DrPeng/controllers/VPN_RR.py: 0
[2017-05-05 12:12:12] EDIT DrPeng/controllers/VPN_RR.py: 0
[2017-05-05 12:12:13] EDIT DrPeng/controllers/VPN_RR.py: 0
[2017-05-05 12:12:13] EDIT DrPeng/controllers/VPN_RR.py: 0
[2017-05-05 12:12:57] EDIT DrPeng/controllers/VPN_RR.py: 2
[2017-05-05 12:12:59] EDIT DrPeng/controllers/VPN_RR.py: 0
[2017-05-05 12:13:14] EDIT DrPeng/controllers/VPN_RR.py: 1
[2017-05-05 12:13:30] EDIT DrPeng/controllers/VPN_RR.py: 0
[2017-05-05 12:13:35] EDIT DrPeng/controllers/VPN_RR.py: 0
[2017-05-05 12:13:39] EDIT DrPeng/controllers/VPN_RR.py: 0
[2017-05-05 12:13:43] EDIT DrPeng/controllers/VPN_RR.py: 0
[2017-05-05 12:14:09] EDIT DrPeng/controllers/VPN_RR.py: 0
[2017-05-05 12:14:46] EDIT DrPeng/controllers/VPN_RR.py: 0
[2017-05-05 12:14:52] EDIT DrPeng/controllers/VPN_RR.py: 0
[2017-05-05 12:14:58] EDIT DrPeng/controllers/VPN_RR.py: 0
[2017-05-05 12:15:16] EDIT DrPeng/controllers/VPN_RR.py: 0
[2017-05-05 12:15:20] EDIT DrPeng/controllers/VPN_RR.py: 0
[2017-05-05 12:15:44] EDIT DrPeng/controllers/VPN_RR.py: 0
[2017-05-05 12:15:53] EDIT DrPeng/controllers/VPN_RR.py: 0
[2017-05-05 12:15:56] EDIT DrPeng/controllers/VPN_RR.py: 0
[2017-05-05 12:16:16] EDIT DrPeng/controllers/VPN_RR.py: 0
[2017-05-05 12:16:44] EDIT DrPeng/controllers/VPN_RR.py: 0
[2017-05-05 12:17:06] EDIT DrPeng/controllers/VPN_RR.py: 0
[2017-05-05 12:17:17] EDIT DrPeng/controllers/VPN_RR.py: 0
[2017-05-05 12:18:12] EDIT DrPeng/controllers/VPN_RR.py: 1
[2017-05-05 12:18:22] EDIT DrPeng/controllers/VPN_RR.py: 0
[2017-05-05 12:18:30] EDIT DrPeng/controllers/VPN_RR.py: 0
[2017-05-05 12:18:50] EDIT DrPeng/controllers/VPN_RR.py: 0
[2017-05-05 12:18:57] EDIT DrPeng/controllers/VPN_RR.py: 0
[2017-05-05 12:19:03] EDIT DrPeng/controllers/VPN_RR.py: 0
[2017-05-05 12:19:23] EDIT DrPeng/controllers/VPN_RR.py: 0
[2017-05-05 12:19:45] EDIT DrPeng/controllers/VPN_RR.py: 0
[2017-05-05 12:19:48] EDIT DrPeng/controllers/VPN_RR.py: 0
[2017-05-05 12:19:49] EDIT DrPeng/controllers/VPN_RR.py: 0
[2017-05-05 12:19:49] EDIT DrPeng/controllers/VPN_RR.py: 0
[2017-05-05 12:19:49] EDIT DrPeng/controllers/VPN_RR.py: 0
[2017-05-05 12:19:49] EDIT DrPeng/controllers/VPN_RR.py: 0
[2017-05-05 12:19:50] EDIT DrPeng/controllers/VPN_RR.py: 0
[2017-05-05 12:19:50] EDIT DrPeng/controllers/VPN_RR.py: 0
[2017-05-05 12:19:50] EDIT DrPeng/controllers/VPN_RR.py: 0
[2017-05-05 12:19:50] EDIT DrPeng/controllers/VPN_RR.py: 0
[2017-05-05 12:19:51] EDIT DrPeng/controllers/VPN_RR.py: 0
[2017-05-05 12:19:51] EDIT DrPeng/controllers/VPN_RR.py: 0
[2017-05-05 12:19:51] EDIT DrPeng/controllers/VPN_RR.py: 0
[2017-05-05 12:19:52] EDIT DrPeng/controllers/VPN_RR.py: 0
[2017-05-05 12:19:52] EDIT DrPeng/controllers/VPN_RR.py: 0
[2017-05-05 12:19:52] EDIT DrPeng/controllers/VPN_RR.py: 0
[2017-05-05 12:19:52] EDIT DrPeng/controllers/VPN_RR.py: 0
[2017-05-05 12:19:52] EDIT DrPeng/controllers/VPN_RR.py: 0
[2017-05-05 12:19:53] EDIT DrPeng/controllers/VPN_RR.py: 0
[2017-05-05 12:19:53] EDIT DrPeng/controllers/VPN_RR.py: 0
[2017-05-05 12:19:53] EDIT DrPeng/controllers/VPN_RR.py: 0
[2017-05-05 12:20:00] EDIT DrPeng/controllers/VPN_RR.py: 0
[2017-05-05 12:20:09] EDIT DrPeng/controllers/VPN_RR.py: 0
[2017-05-05 12:21:02] EDIT DrPeng/controllers/VPN_RR.py: 0
[2017-05-05 12:21:13] EDIT DrPeng/controllers/VPN_RR.py: 0
[2017-05-09 16:06:50] EDIT DrPeng/controllers/VPN_RR.py: 0
[2017-05-09 16:07:32] EDIT DrPeng/controllers/VPN_RR.py: 0
[2017-05-09 17:42:44] EDIT DrPeng/views/VPN_RR/preview_config.html: -1
[2017-05-10 11:39:39] EDIT DrPeng/controllers/VPN_RR.py: -6
[2017-05-10 11:45:20] EDIT DrPeng/controllers/VPN_RR.py: 0
[2017-05-10 11:45:25] EDIT DrPeng/controllers/VPN_RR.py: 0
[2017-05-10 11:59:47] EDIT DrPeng/models/db.py: 1
[2017-05-10 12:00:13] EDIT DrPeng/models/db.py: 0
[2017-05-10 12:00:21] EDIT DrPeng/models/db.py: 0
[2017-05-10 12:04:02] EDIT DrPeng/models/db.py: 1
[2017-05-10 12:10:13] EDIT DrPeng/models/db.py: 6
[2017-05-10 12:10:19] EDIT DrPeng/models/db.py: 0
[2017-05-10 12:14:28] EDIT DrPeng/models/db.py: 0
[2017-05-10 14:02:51] EDIT DrPeng/models/db.py: 1
[2017-05-10 14:03:56] EDIT DrPeng/models/db.py: 2
[2017-05-10 14:03:59] EDIT DrPeng/models/db.py: 0
[2017-05-10 14:04:01] EDIT DrPeng/models/db.py: 0
[2017-05-10 14:04:46] EDIT DrPeng/models/db.py: 1
[2017-05-10 14:04:52] EDIT DrPeng/models/db.py: 0
[2017-05-10 14:04:58] EDIT DrPeng/models/db.py: 0
[2017-05-10 14:07:30] EDIT DrPeng/models/db.py: 2
[2017-05-10 14:07:43] EDIT DrPeng/models/db.py: -1
[2017-05-10 14:07:51] EDIT DrPeng/models/db.py: -1
[2017-05-10 14:07:53] EDIT DrPeng/models/db.py: 0
[2017-05-10 14:08:46] EDIT DrPeng/models/db.py: 0
[2017-05-10 14:13:08] EDIT DrPeng/models/db.py: 0
[2017-05-10 14:16:07] EDIT DrPeng/controllers/VPN_RR.py: 0
[2017-05-11 10:38:00] EDIT DrPeng/controllers/VPN_RR.py: 0
[2017-05-11 10:38:22] EDIT DrPeng/controllers/VPN_RR.py: 0
[2017-05-11 17:26:53] EDIT DrPeng/models/db.py: 1
[2017-05-11 17:26:55] EDIT DrPeng/models/db.py: 0
[2017-05-11 17:26:56] EDIT DrPeng/models/db.py: 0
[2017-05-11 17:31:13] EDIT DrPeng/models/db.py: 1
[2017-05-11 17:31:14] EDIT DrPeng/models/db.py: 0
[2017-05-11 17:32:11] EDIT DrPeng/models/db.py: 0
[2017-05-12 10:27:35] EDIT DrPeng/models/menu.py: 4
[2017-05-12 10:29:53] EDIT DrPeng/controllers/default.py: -1
[2017-05-12 10:31:00] EDIT DrPeng/controllers/default.py: 81
[2017-05-12 10:31:22] EDIT DrPeng/controllers/default.py: 0
[2017-05-12 10:32:23] EDIT DrPeng/views/default/index.html: -1
[2017-05-12 10:33:44] EDIT DrPeng/views/default/index.html: 0
[2017-05-12 10:34:12] CREATE default/VPN.html: 0
[2017-05-12 10:34:43] EDIT DrPeng/views/default/VPN.html: 10
[2017-05-12 10:35:39] CREATE default/RouteReflector_conf.html: 0
[2017-05-12 10:35:57] EDIT DrPeng/views/default/RouteReflector_conf.html: 10
[2017-05-12 10:36:31] CREATE default/preview_config.html: 0
[2017-05-12 10:36:58] EDIT DrPeng/views/default/preview_config.html: 18
[2017-05-12 10:40:53] EDIT DrPeng/views/layout.html: 0
[2017-05-12 10:41:18] EDIT DrPeng/views/layout.html: 0
[2017-05-12 10:42:19] UPLOAD /root/theportal/applications/DrPeng/static/DrPeng_Logo.jpg: 28
[2017-05-12 10:43:47] DELETE DrPeng/static/DrPeng_Logo.jpg: -28
[2017-05-12 10:44:17] EDIT DrPeng/views/default/index.html: 0
[2017-05-12 10:44:51] EDIT DrPeng/views/default/index.html: 0
[2017-05-12 10:45:17] EDIT DrPeng/views/default/index.html: 0
[2017-05-12 10:47:13] DELETE DrPeng/static/images/DePeng_logo.jpg: -28
[2017-05-16 10:30:03] EDIT DrPeng/controllers/default.py: 0
[2017-05-16 10:30:20] EDIT DrPeng/controllers/default.py: 0
[2017-05-16 11:09:49] EDIT DrPeng/controllers/default.py: 7
[2017-05-16 11:10:06] EDIT DrPeng/controllers/default.py: 7
[2017-05-16 11:18:41] EDIT DrPeng/controllers/default.py: 0
[2017-05-16 11:18:59] EDIT DrPeng/controllers/default.py: 2
[2017-05-16 11:19:41] EDIT DrPeng/controllers/default.py: -9
[2017-05-16 11:20:12] EDIT DrPeng/controllers/default.py: -7
[2017-05-16 11:20:48] EDIT DrPeng/controllers/default.py: 7
[2017-05-16 11:21:32] EDIT DrPeng/controllers/default.py: 0
[2017-05-16 11:21:56] EDIT DrPeng/controllers/default.py: 0
[2017-05-16 11:22:04] EDIT DrPeng/controllers/default.py: 0
[2017-05-16 11:23:01] EDIT DrPeng/controllers/default.py: -7
[2017-05-16 12:06:37] EDIT DrPeng/controllers/default.py: 2
[2017-05-17 11:18:27] EDIT DrPeng/controllers/default.py: 0
[2017-05-17 11:19:29] EDIT DrPeng/controllers/default.py: 0
[2017-05-17 11:37:21] EDIT DrPeng/controllers/default.py: 1
[2017-05-17 11:37:38] EDIT DrPeng/controllers/default.py: -1
[2017-06-01 14:24:23] DELETE test_stella/controllers/VPN_RR.py: -54
[2017-06-01 14:24:30] DELETE test_stella/views/VPN_RR/RouteReflector_conf.html: -12
[2017-06-01 14:24:34] DELETE test_stella/views/VPN_RR/VPN.html: -12
[2017-06-01 14:24:38] DELETE test_stella/views/VPN_RR/index.html: -18
[2017-06-01 14:24:42] DELETE test_stella/views/VPN_RR/preview_config.html: -21
[2017-06-01 14:53:38] EDIT test_stella/static/command_template/command_template.txt: 0
[2017-06-01 14:54:49] EDIT test_stella/static/command_template/command_template.txt: 0
[2017-06-01 14:55:55] EDIT test_stella/controllers/default.py: 0
[2017-06-01 14:56:42] EDIT test_stella/static/command_template/command_template.txt: 0
[2017-06-01 14:59:18] EDIT test_stella/static/command_template/command_template.txt: 0
[2017-06-01 15:00:17] EDIT test_stella/static/command_template/command_template.txt: 0
[2017-06-01 15:00:28] EDIT test_stella/static/command_template/command_template.txt: 0
[2017-06-01 15:00:44] EDIT test_stella/static/command_template/command_template.txt: 0
[2017-06-01 15:01:26] EDIT test_stella/static/command_template/command_template.txt: 0
[2017-06-01 15:02:16] EDIT test_stella/static/command_template/command_template.txt: 1
[2017-06-01 15:02:32] EDIT test_stella/static/command_template/command_template.txt: 0
[2017-06-01 15:02:38] EDIT test_stella/static/command_template/command_template.txt: 0
[2017-06-01 15:02:38] EDIT test_stella/static/command_template/command_template.txt: 0
[2017-06-01 15:03:00] EDIT test_stella/static/command_template/command_template.txt: -1
[2017-06-01 15:03:23] EDIT test_stella/static/command_template/command_template.txt: 0
[2017-06-01 15:03:38] EDIT test_stella/static/command_template/command_template.txt: 0
[2017-06-01 15:04:12] EDIT test_stella/static/command_template/command_template.txt: 0
[2017-06-01 15:04:12] EDIT test_stella/static/command_template/command_template.txt: 0
[2017-06-01 15:04:43] EDIT test_stella/static/command_template/command_template.txt: 0
[2017-06-01 15:05:01] EDIT test_stella/static/command_template/command_template.txt: 0
[2017-06-01 15:05:25] EDIT test_stella/static/command_template/command_template.txt: 0
[2017-06-01 15:05:37] EDIT test_stella/static/command_template/command_template.txt: 0
[2017-06-01 15:06:15] EDIT test_stella/static/command_template/command_template.txt: 0
[2017-06-01 15:09:58] EDIT test_stella/static/command_template/command_template.txt: 3
[2017-06-01 15:10:22] EDIT test_stella/static/command_template/command_template.txt: 0
[2017-06-01 15:12:14] EDIT test_stella/static/command_template/command_template.txt: -3
[2017-06-01 15:12:39] EDIT test_stella/static/command_template/command_template.txt: 1
[2017-06-01 15:13:14] EDIT test_stella/static/command_template/command_template.txt: 2
[2017-06-01 15:28:58] EDIT test_stella/static/command_template/command_template.txt: 0
[2017-06-01 15:31:41] EDIT test_stella/static/command_template/command_template.txt: 0
[2017-06-01 15:35:36] EDIT test_stella/static/command_template/command_template.txt: 2
[2017-06-01 15:35:37] EDIT test_stella/static/command_template/command_template.txt: 0
[2017-06-01 15:36:07] EDIT test_stella/static/command_template/command_template.txt: -2
[2017-06-01 16:03:57] EDIT test_stella/static/command_template/command_template.txt: 0
[2017-06-01 16:39:51] EDIT test_stella/static/command_template/command_template.txt: 0
[2017-06-05 19:30:34] EDIT test_stella/controllers/default.py: 0
[2017-06-05 19:30:56] EDIT test_stella/controllers/default.py: 0
[2017-06-05 19:50:49] EDIT test_stella/controllers/default.py: 25
[2017-06-05 19:53:08] CREATE default/VPN_static.html: 0
[2017-06-05 19:54:42] EDIT test_stella/views/default/VPN_static.html: 10
[2017-06-05 19:56:42] EDIT test_stella/views/default/index.html: 4
[2017-06-05 19:57:22] EDIT test_stella/views/default/index.html: 1
[2017-06-05 19:57:59] EDIT test_stella/views/default/VPN.html: 5
[2017-06-05 19:58:16] EDIT test_stella/views/default/VPN.html: 0
[2017-06-05 19:58:44] EDIT test_stella/views/default/RouteReflector_conf.html: 5
[2017-06-05 19:59:31] EDIT test_stella/views/default/preview_config.html: 1
[2017-06-05 20:01:49] EDIT test_stella/models/db.py: 4
[2017-06-05 20:05:42] EDIT test_stella/models/db.py: 0
[2017-06-05 20:09:26] EDIT test_stella/models/db.py: 0
[2017-06-05 20:10:24] EDIT test_stella/views/default/VPN_static.html: 5
[2017-06-05 20:19:31] EDIT test_stella/controllers/default.py: 0
[2017-06-05 20:20:39] EDIT test_stella/controllers/default.py: 0
[2017-06-05 20:24:57] EDIT test_stella/models/db.py: 0
[2017-06-05 20:25:49] EDIT test_stella/models/db.py: 0
[2017-06-05 20:26:00] EDIT test_stella/models/db.py: 0
[2017-06-05 20:27:08] EDIT test_stella/models/db.py: -2
[2017-06-05 20:27:26] EDIT test_stella/models/db.py: 0
[2017-06-05 20:28:56] EDIT test_stella/models/db.py: 0
[2017-06-05 20:32:26] EDIT test_stella/models/db.py: 0
[2017-06-05 20:34:35] EDIT test_stella/controllers/default.py: 0
[2017-06-05 20:35:00] EDIT test_stella/views/default/VPN_static.html: 0
[2017-06-05 20:41:08] EDIT test_stella/models/db.py: 0
[2017-06-05 20:42:55] EDIT test_stella/models/db.py: 0
[2017-06-05 20:45:34] EDIT test_stella/controllers/default.py: 2
[2017-06-05 20:47:12] EDIT test_stella/controllers/default.py: 0
[2017-06-05 20:48:31] EDIT test_stella/static/command_template/command_template.txt: 3
[2017-06-05 20:49:03] EDIT test_stella/static/command_template/command_template.txt: 0
[2017-06-05 20:50:27] EDIT test_stella/static/command_template/command_template.txt: 0
[2017-06-05 20:52:07] EDIT test_stella/static/command_template/command_template.txt: 0
[2017-06-05 20:55:19] EDIT test_stella/static/command_template/command_template.txt: 4
[2017-06-05 20:56:10] EDIT test_stella/static/command_template/command_template.txt: 1
[2017-06-05 20:56:49] EDIT test_stella/static/command_template/command_template.txt: 0
[2017-06-05 20:57:05] EDIT test_stella/static/command_template/command_template.txt: 0
[2017-06-05 20:57:57] EDIT test_stella/static/command_template/command_template.txt: -1
[2017-06-05 21:03:58] EDIT test_stella/static/command_template/command_template.txt: 8
[2017-06-05 21:04:28] EDIT test_stella/static/command_template/command_template.txt: 0
[2017-06-05 21:04:44] EDIT test_stella/static/command_template/command_template.txt: 0
[2017-06-05 21:05:27] EDIT test_stella/static/command_template/command_template.txt: 0
[2017-06-06 09:48:06] EDIT test_stella/static/command_template/command_template.txt: 0
[2017-06-06 09:49:28] EDIT test_stella/static/command_template/command_template.txt: 0
[2017-06-06 09:52:33] EDIT test_stella/static/command_template/command_template.txt: 0
[2017-06-06 10:04:19] EDIT test_stella/static/command_template/command_template.txt: 0
[2017-06-06 10:14:57] EDIT test_stella/static/command_template/command_template.txt: 5
[2017-06-06 10:15:25] EDIT test_stella/static/command_template/command_template.txt: 0
[2017-06-06 10:15:29] EDIT test_stella/static/command_template/command_template.txt: 0
[2017-06-06 10:15:30] EDIT test_stella/static/command_template/command_template.txt: 0
[2017-06-06 10:15:44] EDIT test_stella/static/command_template/command_template.txt: 0
[2017-06-07 11:13:56] EDIT test_stella/controllers/default.py: 0
[2017-06-07 11:14:08] EDIT test_stella/controllers/default.py: 0
[2017-06-07 11:26:56] EDIT test_stella/static/command_template/command_template.txt: 0
[2017-06-07 11:27:29] EDIT test_stella/static/command_template/command_template.txt: 0
[2017-06-07 11:29:12] EDIT test_stella/static/command_template/command_template.txt: 0
[2017-06-07 11:29:31] EDIT test_stella/static/command_template/command_template.txt: 0
[2017-06-07 11:30:13] EDIT test_stella/static/command_template/command_template.txt: 0
[2017-06-07 11:31:26] EDIT test_stella/static/command_template/command_template.txt: 0
[2017-06-07 11:32:25] EDIT test_stella/static/command_template/command_template.txt: 0
[2017-06-07 11:49:10] EDIT test_stella/static/command_template/command_template.txt: 0
[2017-06-07 11:49:46] EDIT test_stella/static/command_template/command_template.txt: 0
[2017-06-07 11:50:29] EDIT test_stella/static/command_template/command_template.txt: 0
[2017-06-07 11:50:59] EDIT test_stella/static/command_template/command_template.txt: 0
[2017-06-07 11:57:46] DELETE test_stella/static/command_template/command_template.txt: -45
[2017-06-07 11:58:26] UPLOAD /root/theportal/applications/test_stella/static/command_template.txt: 57
[2017-06-07 11:58:33] DELETE test_stella/static/command_template.txt: -57
[2017-06-07 11:58:47] UPLOAD /root/theportal/applications/test_stella/static/command_template.txt: 57
[2017-06-07 12:00:02] UPLOAD /root/theportal/applications/test_stella/static/command_template/command_tmplate.txt: 57
[2017-06-07 12:00:39] DELETE test_stella/static/command_template/command_tmplate.txt: -57
[2017-06-07 12:00:59] UPLOAD /root/theportal/applications/test_stella/static/command_template/command_template.txt: 57
[2017-06-07 12:02:31] EDIT test_stella/static/command_template/command_template.txt: -56
[2017-06-07 12:03:16] EDIT test_stella/controllers/default.py: 0
[2017-06-07 12:03:40] EDIT test_stella/controllers/default.py: 0
[2017-06-07 12:03:53] EDIT test_stella/controllers/default.py: 0
[2017-06-07 12:04:15] EDIT test_stella/static/command_template/command_template.txt: 0
[2017-06-07 12:05:17] EDIT test_stella/controllers/default.py: 0
[2017-06-07 12:05:38] EDIT test_stella/controllers/default.py: 0
[2017-06-07 12:07:54] EDIT test_stella/controllers/default.py: 0
[2017-06-07 12:08:35] EDIT test_stella/static/command_template/command_template.txt: 0
[2017-06-07 12:08:56] EDIT test_stella/static/command_template/command_template.txt: -1
[2017-06-07 12:10:03] EDIT test_stella/static/command_template/command_template.txt: 3
[2017-06-07 12:11:36] DELETE test_stella/static/command_template.txt: -57
[2017-06-07 12:37:40] DELETE test_stella/static/command_template/command_template.html: -45
[2017-06-07 12:40:09] DELETE test_stella/static/command_template/command_template.css: -45
[2017-06-07 12:41:04] EDIT test_stella/static/command_template/command_template.txt: 0
[2017-06-07 12:41:28] EDIT test_stella/static/command_template/command_template.txt: 0
[2017-06-07 12:42:03] EDIT test_stella/static/command_template/command_template.txt: 0
[2017-06-07 12:42:36] EDIT test_stella/static/command_template/command_template.txt: 0
[2017-06-07 12:42:36] EDIT test_stella/static/command_template/command_template.txt: 0
[2017-06-07 12:42:53] EDIT test_stella/static/command_template/command_template.txt: 0
[2017-06-07 12:43:22] EDIT test_stella/static/command_template/command_template.txt: 0
[2017-06-07 12:45:48] EDIT test_stella/static/command_template/command_template.txt: 0
[2017-06-07 12:46:09] EDIT test_stella/static/command_template/command_template.txt: 0
[2017-06-07 12:46:37] EDIT test_stella/static/command_template/command_template.txt: 0
[2017-06-07 12:46:38] EDIT test_stella/static/command_template/command_template.txt: 0
[2017-06-07 12:47:07] EDIT test_stella/static/command_template/command_template.txt: 0
[2017-06-07 12:47:33] EDIT test_stella/static/command_template/command_template.txt: 0
[2017-06-07 12:47:53] EDIT test_stella/static/command_template/command_template.txt: 0
[2017-06-07 12:49:19] EDIT test_stella/static/command_template/command_template.txt: 0
[2017-06-07 14:14:34] EDIT test_stella/static/command_template/command_template.txt: 0
[2017-06-07 14:16:23] EDIT test_stella/static/command_template/command_template.txt: 0
[2017-06-07 14:24:24] EDIT test_stella/static/command_template/command_template.txt: 3
[2017-06-07 14:25:00] EDIT test_stella/static/command_template/command_template.txt: 0
[2017-06-07 14:25:26] EDIT test_stella/static/command_template/command_template.txt: 0
[2017-06-07 14:25:42] EDIT test_stella/static/command_template/command_template.txt: 0
[2017-06-12 21:39:28] EDIT JunosPortal/controllers/default.py: 0
[2017-06-12 21:47:36] EDIT JunosPortal/views/default/index.html: 0
[2017-06-12 21:47:49] EDIT JunosPortal/views/default/index.html: 0
[2017-06-12 21:48:05] EDIT JunosPortal/views/default/index.html: 0
